<?xml version="1.0" encoding="UTF-8"?>
<!-- Generated by org.testng.reporters.JUnitReportReporter -->
<testsuite skipped="0" hostname="DESKTOP-CG7B0GJ" name="com.testng.amazon" tests="1" failures="0" timestamp="10 Nov 2022 13:14:42 GMT" time="2.303" errors="0">
  <testcase name="test1" time="2.303" classname="com.testng.amazon"/>
</testsuite> <!-- com.testng.amazon -->
