<?xml version="1.0" encoding="UTF-8"?>
<!-- Generated by org.testng.reporters.JUnitReportReporter -->
<testsuite skipped="0" hostname="DESKTOP-CG7B0GJ" name="com.testng.testn" tests="2" failures="0" timestamp="10 Nov 2022 13:14:42 GMT" time="3.779" errors="0">
  <testcase name="test1" time="3.474" classname="com.testng.testn"/>
  <testcase name="test2" time="0.305" classname="com.testng.testn"/>
</testsuite> <!-- com.testng.testn -->
