<?xml version="1.0" encoding="UTF-8"?>
<!-- Generated by org.testng.reporters.JUnitReportReporter -->
<testsuite skipped="0" hostname="DESKTOP-CG7B0GJ" name="com.testng.amazon" tests="1" failures="0" timestamp="11 Nov 2022 09:24:47 GMT" time="6.911" errors="0">
  <testcase name="test1" time="6.911" classname="com.testng.amazon"/>
</testsuite> <!-- com.testng.amazon -->
